
1-th token(type:2) on line 1 :
""
End of token 1 

2-th token(type:2) on line 1 :
"Single String"
End of token 2 

3-th token(type:2) on line 1 :
"Double"
End of token 3 

4-th token(type:2) on line 1 :
"Strings"
End of token 4 

5-th token(type:2) on line 1 :
"double quote->"
End of token 5 

6-th token(type:2) on line 1 :
"<-double quote"
End of token 6 

7-th token(type:2) on line 1 :
"Your string should ignore these reserved words -> program var array not"
End of token 7 

8-th token(type:2) on line 1 :
"This String contains an escaped double quote \"
End of token 8 

9-th token(type:43) on line 1 :
Will
End of token 9 

10-th token(type:43) on line 1 :
it
End of token 10 

11-th token(type:43) on line 1 :
tokenize
End of token 11 

12-th token(type:43) on line 1 :
it
End of token 12 
ERROR : ?

13-th token(type:2) on line 1 :
"
array program ..
"
End of token 13 

14-th token(type:43) on line 1 :
Test
End of token 14 

15-th token(type:43) on line 1 :
whether
End of token 15 

16-th token(type:43) on line 1 :
you
End of token 16 

17-th token(type:43) on line 1 :
can
End of token 17 

18-th token(type:43) on line 1 :
ignore
End of token 18 

19-th token(type:43) on line 1 :
comments
End of token 19 

20-th token(type:3) on line 1 :
// This is a comment "
End of token 20 

21-th token(type:2) on line 1 :
" Test whether you can ignore comments /* This is a comment */ "
End of token 21 

22-th token(type:2) on line 1 :
" Test whether you can ignore comments // This is a comment /* This is a comment */ "
End of token 22 

23-th token(type:2) on line 1 :
" Multi-Line
  String Can you tokenize it"
End of token 23 

24-th token(type:2) on line 1 :
" Multi-Line
  With comment // This is a comment "
End of token 24 

25-th token(type:2) on line 1 :
" Multi-Line
  With comment 
  /* 
    This is a comment
  */ "
End of token 25 
