open file.
call yyparse
after call yyparse, res = 0.
SUCCESS
PROGRAM
 VAR_DECL
  a
  b
  c
  TYPE_INT
 VAR_DECL
  d
  e
  TYPE_REAL
 VAR_DECL
  f
  TYPE_STRING
 COMPOUND_STMT
  STMT_LIST
***********************************
*         No syntax error!        *
***********************************
--------------------------------------------------------------------------------------------------------------------------------------------
        Name         | Scope |    Type   | Return |           Parameter           | Dim |		   Array Range
--------------------------------------------------------------------------------------------------------------------------------------------
 a                   |   1   |    int    |        |                               |     |
--------------------------------------------------------------------------------------------------------------------------------------------
 b                   |   1   |    int    |        |                               |     |
--------------------------------------------------------------------------------------------------------------------------------------------
 c                   |   1   |    int    |        |                               |     |
--------------------------------------------------------------------------------------------------------------------------------------------
 d                   |   1   |    real   |        |                               |     |
--------------------------------------------------------------------------------------------------------------------------------------------
 e                   |   1   |    real   |        |                               |     |
--------------------------------------------------------------------------------------------------------------------------------------------
 f                   |   1   |  string   |        |                               |     |
--------------------------------------------------------------------------------------------------------------------------------------------
***********************************
*        No semantic error!       *
***********************************
