open file.
call yyparse
after call yyparse, res = 0.
SUCCESS
PROGRAM
 VAR_DECL
  a
  b
  c
  TYPE_INT
 VAR_DECL
  d
  e
  TYPE_REAL
 VAR_DECL
  f
  TYPE_STRING
 SUBPROG_DECL
  SUBPROG_HEAD
   Token (null)
   func1
   TYPE_INT
  VAR_DECL
   a
   TYPE_INT
  VAR_DECL
   d
   TYPE_REAL
  VAR_DECL
   f
   TYPE_STRING
  COMPOUND_STMT
   STMT_LIST
 SUBPROG_DECL
  SUBPROG_HEAD
   Token (null)
   proc1
   PARA_LIST
    PARA
     g
     TYPE_INT
     ARRAY
      1
      10
  VAR_DECL
   a
   TYPE_INT
  VAR_DECL
   d
   TYPE_REAL
  VAR_DECL
   f
   TYPE_STRING
  COMPOUND_STMT
   STMT_LIST
 COMPOUND_STMT
  STMT_LIST
***********************************
*         No syntax error!        *
***********************************
--------------------------------------------------------------------------------------------------------------------------------------------
        Name         | Scope |    Type   | Return |           Parameter           | Dim |		   Array Range
--------------------------------------------------------------------------------------------------------------------------------------------
 a                   |   1   |    int    |        |                               |     |
--------------------------------------------------------------------------------------------------------------------------------------------
 b                   |   1   |    int    |        |                               |     |
--------------------------------------------------------------------------------------------------------------------------------------------
 c                   |   1   |    int    |        |                               |     |
--------------------------------------------------------------------------------------------------------------------------------------------
 d                   |   1   |    real   |        |                               |     |
--------------------------------------------------------------------------------------------------------------------------------------------
 e                   |   1   |    real   |        |                               |     |
--------------------------------------------------------------------------------------------------------------------------------------------
 f                   |   1   |  string   |        |                               |     |
--------------------------------------------------------------------------------------------------------------------------------------------
****************************************
*              Open Scope              *
****************************************
--------------------------------------------------------------------------------------------------------------------------------------------
        Name         | Scope |    Type   | Return |           Parameter           | Dim |		   Array Range
--------------------------------------------------------------------------------------------------------------------------------------------
 func1               |   1   |  function |  int   |  ()                           |     |
--------------------------------------------------------------------------------------------------------------------------------------------
 a                   |   2   |    int    |        |                               |     |
--------------------------------------------------------------------------------------------------------------------------------------------
 d                   |   2   |    real   |        |                               |     |
--------------------------------------------------------------------------------------------------------------------------------------------
 f                   |   2   |  string   |        |                               |     |
--------------------------------------------------------------------------------------------------------------------------------------------
****************************************
*              Close Scope             *
****************************************
****************************************
*              Open Scope              *
****************************************
--------------------------------------------------------------------------------------------------------------------------------------------
        Name         | Scope |    Type   | Return |           Parameter           | Dim |		   Array Range
--------------------------------------------------------------------------------------------------------------------------------------------
 g                   |   3   |    int    |        |                               |  1  | (1, 10)
--------------------------------------------------------------------------------------------------------------------------------------------
 proc1               |   1   | procedure |        |  (g)                          |     |
--------------------------------------------------------------------------------------------------------------------------------------------
 a                   |   3   |    int    |        |                               |     |
--------------------------------------------------------------------------------------------------------------------------------------------
 d                   |   3   |    real   |        |                               |     |
--------------------------------------------------------------------------------------------------------------------------------------------
 f                   |   3   |  string   |        |                               |     |
--------------------------------------------------------------------------------------------------------------------------------------------
****************************************
*              Close Scope             *
****************************************
***********************************
*        No semantic error!       *
***********************************
